<?xml version="1.0" encoding="UTF-8"?>
<testsuite xmlns:xsi="http://www.w3.org/2001/XMLSchema-instance" xsi:noNamespaceSchemaLocation="https://maven.apache.org/surefire/maven-surefire-plugin/xsd/surefire-test-report.xsd" version="3.0.2" name="com.nttyplc.cliente_service.ClienteServiceApplicationTests" time="5.784" tests="1" errors="0" skipped="0" failures="0">
  <properties>
[...]
</properties>
  <testcase name="contextLoads" classname="com.nttyplc.cliente_service.ClienteServiceApplicationTests" time="1.358">
    <system-out><![CDATA[18:52:42.842 [main] INFO org.springframework.test.context.support.AnnotationConfigContextLoaderUtils -- Could not detect default configuration classes for test class [com.nttyplc.cliente_service.ClienteServiceApplicationTests]: ClienteServiceApplicationTests does not declare any static, non-private, non-final, nested classes annotated with @Configuration.
18:52:43.100 [main] INFO org.springframework.boot.test.context.SpringBootTestContextBootstrapper -- Found @SpringBootConfiguration com.nttyplc.cliente_service.ClienteServiceApplication for test class com.nttyplc.cliente_service.ClienteServiceApplicationTests

  .   ____          _            __ _ _
 /\\ / ___'_ __ _ _(_)_ __  __ _ \ \ \ \
( ( )\___ | '_ | '_| | '_ \/ _` | \ \ \ \
 \\/  ___)| |_)| | | | | || (_| |  ) ) ) )
  '  |____| .__|_| |_|_| |_\__, | / / / /
 =========|_|==============|___/=/_/_/_/

 :: Spring Boot ::                (v3.5.0)

2025-05-27T18:52:44.039-05:00  INFO 9048 --- [cliente-service] [           main] c.n.c.ClienteServiceApplicationTests     : Starting ClienteServiceApplicationTests using Java 17.0.10 with PID 9048 (started by heiver in E:\yenny\NttData\cliente-service)
2025-05-27T18:52:44.042-05:00  INFO 9048 --- [cliente-service] [           main] c.n.c.ClienteServiceApplicationTests     : No active profile set, falling back to 1 default profile: "default"
2025-05-27T18:52:46.986-05:00  INFO 9048 --- [cliente-service] [           main] c.n.c.ClienteServiceApplicationTests     : Started ClienteServiceApplicationTests in 3.573 seconds (process running for 5.322)
]]></system-out>
  </testcase>
</testsuite>